<?xml version="1.0" encoding="UTF-8"?>
<!-- Generated by org.testng.reporters.JUnitReportReporter -->
<testsuite hostname="DESKTOP-29E893F" failures="0" tests="1" name="com.nopcommerce.testCases.TC_LoginTest_001" time="10.128" errors="0" timestamp="18 Jul 2022 14:54:31 GMT" skipped="0">
  <testcase classname="com.nopcommerce.testCases.TC_LoginTest_001" name="loginTest" time="10.128"/>
</testsuite> <!-- com.nopcommerce.testCases.TC_LoginTest_001 -->
